<?xml version="1.0" encoding="UTF-8"?>
<!-- Generated by org.testng.reporters.JUnitReportReporter -->
<testsuite hostname="LAPTOP-78VNFUNQ" failures="0" tests="6" name="pack123.TestClass12" time="0.029" errors="0" timestamp="2022-03-15T15:17:13 IST" skipped="0">
  <testcase classname="pack123.TestClass12" name="testA" time="0.001"/>
  <system-out/>
  <testcase classname="pack123.TestClass12" name="testC" time="0.010"/>
  <system-out/>
  <testcase classname="pack123.TestClass12" name="testC" time="0.001"/>
  <system-out/>
  <testcase classname="pack123.TestClass12" name="testB" time="0.003"/>
  <system-out/>
  <testcase classname="pack123.TestClass12" name="testA" time="0.012"/>
  <system-out/>
  <testcase classname="pack123.TestClass12" name="testB" time="0.002"/>
  <system-out/>
</testsuite> <!-- pack123.TestClass12 -->
