<?xml version="1.0" encoding="UTF-8"?>
<!-- Generated by org.testng.reporters.JUnitReportReporter -->
<testsuite hostname="LAPTOP-78VNFUNQ" failures="0" tests="2" name="pack123.TestClass123" time="20.786" errors="0" timestamp="2022-03-15T15:17:13 IST" skipped="0">
  <testcase classname="pack123.TestClass123" name="verifyUserTab" time="10.540"/>
  <system-out/>
  <testcase classname="pack123.TestClass123" name="verifyUserTab" time="10.246"/>
  <system-out/>
</testsuite> <!-- pack123.TestClass123 -->
